# JRE version: OpenJDK Runtime Environment Temurin-17.0.1+12 (17.0.1+12) (build 17.0.1+12)
# Java VM: OpenJDK 64-Bit Server VM Temurin-17.0.1+12 (17.0.1+12, mixed mode, tiered, compressed oops, compressed class ptrs, parallel gc, windows-amd64)
GC Precious Log:
 CPUs: 4 total, 4 available
 Memory: 16332M
 Large Page Support: Disabled
 NUMA Support: Disabled
 Compressed Oops: Enabled (32-bit)
 Alignments: Space 512K, Generation 512K, Heap 2M
 Heap Min Capacity: 100M
 Heap Initial Capacity: 100M
 Heap Max Capacity: 1G
 Pre-touch: Disabled
 Parallel Workers: 4
Heap:
 PSYoungGen      total 8704K, used 7803K [0x00000000eab00000, 0x00000000eb500000, 0x0000000100000000)
  eden space 7168K, 93% used [0x00000000eab00000,0x00000000eb18c878,0x00000000eb200000)
  from space 1536K, 71% used [0x00000000eb380000,0x00000000eb492420,0x00000000eb500000)
  to   space 1536K, 0% used [0x00000000eb200000,0x00000000eb200000,0x00000000eb380000)
 ParOldGen       total 234496K, used 175568K [0x00000000c0000000, 0x00000000ce500000, 0x00000000eab00000)
  object space 234496K, 74% used [0x00000000c0000000,0x00000000cab74308,0x00000000ce500000)
 Metaspace       used 83953K, committed 84928K, reserved 1130496K
  class space    used 8301K, committed 8768K, reserved 1048576K
GC Heap History (20 events):
Event: 4167.910 GC heap before
{Heap before GC invocations=4874 (full 102):
 PSYoungGen      total 7168K, used 7135K [0x00000000eab00000, 0x00000000eb400000, 0x0000000100000000)
  eden space 6144K, 99% used [0x00000000eab00000,0x00000000eb0ffef8,0x00000000eb100000)
  from space 1024K, 96% used [0x00000000eb100000,0x00000000eb1f8010,0x00000000eb200000)
  to   space 1536K, 0% used [0x00000000eb280000,0x00000000eb280000,0x00000000eb400000)
 ParOldGen       total 234496K, used 160892K [0x00000000c0000000, 0x00000000ce500000, 0x00000000eab00000)
  object space 234496K, 68% used [0x00000000c0000000,0x00000000c9d1f3b0,0x00000000ce500000)
 Metaspace       used 83932K, committed 84928K, reserved 1130496K
  class space    used 8298K, committed 8768K, reserved 1048576K
}
Event: 4167.911 GC heap after
{Heap after GC invocations=4874 (full 102):
 PSYoungGen      total 6656K, used 218K [0x00000000eab00000, 0x00000000eb300000, 0x0000000100000000)
  eden space 6144K, 0% used [0x00000000eab00000,0x00000000eab00000,0x00000000eb100000)
  from space 512K, 42% used [0x00000000eb280000,0x00000000eb2b6900,0x00000000eb300000)
  to   space 1024K, 0% used [0x00000000eb100000,0x00000000eb100000,0x00000000eb200000)
 ParOldGen       total 234496K, used 161321K [0x00000000c0000000, 0x00000000ce500000, 0x00000000eab00000)
  object space 234496K, 68% used [0x00000000c0000000,0x00000000c9d8a588,0x00000000ce500000)
 Metaspace       used 83932K, committed 84928K, reserved 1130496K
  class space    used 8298K, committed 8768K, reserved 1048576K
}
Event: 4168.350 GC heap before
{Heap before GC invocations=4875 (full 102):
 PSYoungGen      total 6656K, used 6362K [0x00000000eab00000, 0x00000000eb300000, 0x0000000100000000)
  eden space 6144K, 100% used [0x00000000eab00000,0x00000000eb100000,0x00000000eb100000)
  from space 512K, 42% used [0x00000000eb280000,0x00000000eb2b6900,0x00000000eb300000)
  to   space 1024K, 0% used [0x00000000eb100000,0x00000000eb100000,0x00000000eb200000)
 ParOldGen       total 234496K, used 161321K [0x00000000c0000000, 0x00000000ce500000, 0x00000000eab00000)
  object space 234496K, 68% used [0x00000000c0000000,0x00000000c9d8a588,0x00000000ce500000)
 Metaspace       used 83932K, committed 84928K, reserved 1130496K
  class space    used 8298K, committed 8768K, reserved 1048576K
}
Event: 4168.351 GC heap after
{Heap after GC invocations=4875 (full 102):
 PSYoungGen      total 7168K, used 868K [0x00000000eab00000, 0x00000000eb300000, 0x0000000100000000)
  eden space 6144K, 0% used [0x00000000eab00000,0x00000000eab00000,0x00000000eb100000)
  from space 1024K, 84% used [0x00000000eb100000,0x00000000eb1d9210,0x00000000eb200000)
  to   space 1024K, 0% used [0x00000000eb200000,0x00000000eb200000,0x00000000eb300000)
 ParOldGen       total 234496K, used 161353K [0x00000000c0000000, 0x00000000ce500000, 0x00000000eab00000)
  object space 234496K, 68% used [0x00000000c0000000,0x00000000c9d92588,0x00000000ce500000)
 Metaspace       used 83932K, committed 84928K, reserved 1130496K
  class space    used 8298K, committed 8768K, reserved 1048576K
}
Event: 4168.745 GC heap before
{Heap before GC invocations=4876 (full 102):
 PSYoungGen      total 7168K, used 7012K [0x00000000eab00000, 0x00000000eb300000, 0x0000000100000000)
  eden space 6144K, 100% used [0x00000000eab00000,0x00000000eb100000,0x00000000eb100000)
  from space 1024K, 84% used [0x00000000eb100000,0x00000000eb1d9210,0x00000000eb200000)
  to   space 1024K, 0% used [0x00000000eb200000,0x00000000eb200000,0x00000000eb300000)
 ParOldGen       total 234496K, used 161353K [0x00000000c0000000, 0x00000000ce500000, 0x00000000eab00000)
  object space 234496K, 68% used [0x00000000c0000000,0x00000000c9d92588,0x00000000ce500000)
 Metaspace       used 83933K, committed 84928K, reserved 1130496K
  class space    used 8298K, committed 8768K, reserved 1048576K
}
Event: 4168.747 GC heap after
{Heap after GC invocations=4876 (full 102):
 PSYoungGen      total 5632K, used 1022K [0x00000000eab00000, 0x00000000eb600000, 0x0000000100000000)
  eden space 4608K, 0% used [0x00000000eab00000,0x00000000eab00000,0x00000000eaf80000)
  from space 1024K, 99% used [0x00000000eb200000,0x00000000eb2ffb10,0x00000000eb300000)
  to   space 2560K, 0% used [0x00000000eaf80000,0x00000000eaf80000,0x00000000eb200000)
 ParOldGen       total 234496K, used 162397K [0x00000000c0000000, 0x00000000ce500000, 0x00000000eab00000)
  object space 234496K, 69% used [0x00000000c0000000,0x00000000c9e977a8,0x00000000ce500000)
 Metaspace       used 83933K, committed 84928K, reserved 1130496K
  class space    used 8298K, committed 8768K, reserved 1048576K
}
Event: 4168.754 GC heap before
{Heap before GC invocations=4877 (full 102):
 PSYoungGen      total 5632K, used 5630K [0x00000000eab00000, 0x00000000eb600000, 0x0000000100000000)
  eden space 4608K, 100% used [0x00000000eab00000,0x00000000eaf80000,0x00000000eaf80000)
  from space 1024K, 99% used [0x00000000eb200000,0x00000000eb2ffb10,0x00000000eb300000)
  to   space 2560K, 0% used [0x00000000eaf80000,0x00000000eaf80000,0x00000000eb200000)
 ParOldGen       total 234496K, used 162397K [0x00000000c0000000, 0x00000000ce500000, 0x00000000eab00000)
  object space 234496K, 69% used [0x00000000c0000000,0x00000000c9e977a8,0x00000000ce500000)
 Metaspace       used 83933K, committed 84928K, reserved 1130496K
  class space    used 8298K, committed 8768K, reserved 1048576K
}
Event: 4168.758 GC heap after
{Heap after GC invocations=4877 (full 102):
 PSYoungGen      total 7168K, used 2559K [0x00000000eab00000, 0x00000000eb980000, 0x0000000100000000)
  eden space 4608K, 0% used [0x00000000eab00000,0x00000000eab00000,0x00000000eaf80000)
  from space 2560K, 99% used [0x00000000eaf80000,0x00000000eb1ffee0,0x00000000eb200000)
  to   space 5120K, 0% used [0x00000000eb480000,0x00000000eb480000,0x00000000eb980000)
 ParOldGen       total 234496K, used 164062K [0x00000000c0000000, 0x00000000ce500000, 0x00000000eab00000)
  object space 234496K, 69% used [0x00000000c0000000,0x00000000ca037bc8,0x00000000ce500000)
 Metaspace       used 83933K, committed 84928K, reserved 1130496K
  class space    used 8298K, committed 8768K, reserved 1048576K
}
Event: 4168.766 GC heap before
{Heap before GC invocations=4878 (full 102):
 PSYoungGen      total 7168K, used 7167K [0x00000000eab00000, 0x00000000eb980000, 0x0000000100000000)
  eden space 4608K, 100% used [0x00000000eab00000,0x00000000eaf80000,0x00000000eaf80000)
  from space 2560K, 99% used [0x00000000eaf80000,0x00000000eb1ffee0,0x00000000eb200000)
  to   space 5120K, 0% used [0x00000000eb480000,0x00000000eb480000,0x00000000eb980000)
 ParOldGen       total 234496K, used 164062K [0x00000000c0000000, 0x00000000ce500000, 0x00000000eab00000)
  object space 234496K, 69% used [0x00000000c0000000,0x00000000ca037bc8,0x00000000ce500000)
 Metaspace       used 83934K, committed 84928K, reserved 1130496K
  class space    used 8298K, committed 8768K, reserved 1048576K
}
Event: 4168.770 GC heap after
{Heap after GC invocations=4878 (full 102):
 PSYoungGen      total 8192K, used 3156K [0x00000000eab00000, 0x00000000eb800000, 0x0000000100000000)
  eden space 4608K, 0% used [0x00000000eab00000,0x00000000eab00000,0x00000000eaf80000)
  from space 3584K, 88% used [0x00000000eb480000,0x00000000eb795200,0x00000000eb800000)
  to   space 3584K, 0% used [0x00000000eb100000,0x00000000eb100000,0x00000000eb480000)
 ParOldGen       total 234496K, used 166638K [0x00000000c0000000, 0x00000000ce500000, 0x00000000eab00000)
  object space 234496K, 71% used [0x00000000c0000000,0x00000000ca2bbaa8,0x00000000ce500000)
 Metaspace       used 83934K, committed 84928K, reserved 1130496K
  class space    used 8298K, committed 8768K, reserved 1048576K
}
Event: 4168.778 GC heap before
{Heap before GC invocations=4879 (full 102):
 PSYoungGen      total 8192K, used 7764K [0x00000000eab00000, 0x00000000eb800000, 0x0000000100000000)
  eden space 4608K, 100% used [0x00000000eab00000,0x00000000eaf80000,0x00000000eaf80000)
  from space 3584K, 88% used [0x00000000eb480000,0x00000000eb795200,0x00000000eb800000)
  to   space 3584K, 0% used [0x00000000eb100000,0x00000000eb100000,0x00000000eb480000)
 ParOldGen       total 234496K, used 166638K [0x00000000c0000000, 0x00000000ce500000, 0x00000000eab00000)
  object space 234496K, 71% used [0x00000000c0000000,0x00000000ca2bbaa8,0x00000000ce500000)
 Metaspace       used 83934K, committed 84928K, reserved 1130496K
  class space    used 8298K, committed 8768K, reserved 1048576K
}
Event: 4168.782 GC heap after
{Heap after GC invocations=4879 (full 102):
 PSYoungGen      total 9216K, used 3104K [0x00000000eab00000, 0x00000000eb780000, 0x0000000100000000)
  eden space 5632K, 0% used [0x00000000eab00000,0x00000000eab00000,0x00000000eb080000)
  from space 3584K, 86% used [0x00000000eb100000,0x00000000eb408000,0x00000000eb480000)
  to   space 3072K, 0% used [0x00000000eb480000,0x00000000eb480000,0x00000000eb780000)
 ParOldGen       total 234496K, used 169699K [0x00000000c0000000, 0x00000000ce500000, 0x00000000eab00000)
  object space 234496K, 72% used [0x00000000c0000000,0x00000000ca5b8cc8,0x00000000ce500000)
 Metaspace       used 83934K, committed 84928K, reserved 1130496K
  class space    used 8298K, committed 8768K, reserved 1048576K
}
Event: 4168.806 GC heap before
{Heap before GC invocations=4880 (full 102):
 PSYoungGen      total 9216K, used 8736K [0x00000000eab00000, 0x00000000eb780000, 0x0000000100000000)
  eden space 5632K, 100% used [0x00000000eab00000,0x00000000eb080000,0x00000000eb080000)
  from space 3584K, 86% used [0x00000000eb100000,0x00000000eb408000,0x00000000eb480000)
  to   space 3072K, 0% used [0x00000000eb480000,0x00000000eb480000,0x00000000eb780000)
 ParOldGen       total 234496K, used 169699K [0x00000000c0000000, 0x00000000ce500000, 0x00000000eab00000)
  object space 234496K, 72% used [0x00000000c0000000,0x00000000ca5b8cc8,0x00000000ce500000)
 Metaspace       used 83936K, committed 84928K, reserved 1130496K
  class space    used 8298K, committed 8768K, reserved 1048576K
}
Event: 4168.809 GC heap after
{Heap after GC invocations=4880 (full 102):
 PSYoungGen      total 8704K, used 1129K [0x00000000eab00000, 0x00000000eb600000, 0x0000000100000000)
  eden space 7168K, 0% used [0x00000000eab00000,0x00000000eab00000,0x00000000eb200000)
  from space 1536K, 73% used [0x00000000eb480000,0x00000000eb59a400,0x00000000eb600000)
  to   space 2048K, 0% used [0x00000000eb200000,0x00000000eb200000,0x00000000eb400000)
 ParOldGen       total 234496K, used 172723K [0x00000000c0000000, 0x00000000ce500000, 0x00000000eab00000)
  object space 234496K, 73% used [0x00000000c0000000,0x00000000ca8accc8,0x00000000ce500000)
 Metaspace       used 83936K, committed 84928K, reserved 1130496K
  class space    used 8298K, committed 8768K, reserved 1048576K
}
Event: 4169.203 GC heap before
{Heap before GC invocations=4881 (full 102):
 PSYoungGen      total 8704K, used 8296K [0x00000000eab00000, 0x00000000eb600000, 0x0000000100000000)
  eden space 7168K, 99% used [0x00000000eab00000,0x00000000eb1ffff0,0x00000000eb200000)
  from space 1536K, 73% used [0x00000000eb480000,0x00000000eb59a400,0x00000000eb600000)
  to   space 2048K, 0% used [0x00000000eb200000,0x00000000eb200000,0x00000000eb400000)
 ParOldGen       total 234496K, used 172723K [0x00000000c0000000, 0x00000000ce500000, 0x00000000eab00000)
  object space 234496K, 73% used [0x00000000c0000000,0x00000000ca8accc8,0x00000000ce500000)
 Metaspace       used 83948K, committed 84928K, reserved 1130496K
  class space    used 8301K, committed 8768K, reserved 1048576K
}
Event: 4169.205 GC heap after
{Heap after GC invocations=4881 (full 102):
 PSYoungGen      total 8704K, used 1369K [0x00000000eab00000, 0x00000000eb500000, 0x0000000100000000)
  eden space 7168K, 0% used [0x00000000eab00000,0x00000000eab00000,0x00000000eb200000)
  from space 1536K, 89% used [0x00000000eb200000,0x00000000eb356410,0x00000000eb380000)
  to   space 1536K, 0% used [0x00000000eb380000,0x00000000eb380000,0x00000000eb500000)
 ParOldGen       total 234496K, used 173575K [0x00000000c0000000, 0x00000000ce500000, 0x00000000eab00000)
  object space 234496K, 74% used [0x00000000c0000000,0x00000000ca981ec8,0x00000000ce500000)
 Metaspace       used 83948K, committed 84928K, reserved 1130496K
  class space    used 8301K, committed 8768K, reserved 1048576K
}
Event: 4169.228 GC heap before
{Heap before GC invocations=4882 (full 102):
 PSYoungGen      total 8704K, used 8537K [0x00000000eab00000, 0x00000000eb500000, 0x0000000100000000)
  eden space 7168K, 100% used [0x00000000eab00000,0x00000000eb200000,0x00000000eb200000)
  from space 1536K, 89% used [0x00000000eb200000,0x00000000eb356410,0x00000000eb380000)
  to   space 1536K, 0% used [0x00000000eb380000,0x00000000eb380000,0x00000000eb500000)
 ParOldGen       total 234496K, used 173575K [0x00000000c0000000, 0x00000000ce500000, 0x00000000eab00000)
  object space 234496K, 74% used [0x00000000c0000000,0x00000000ca981ec8,0x00000000ce500000)
 Metaspace       used 83950K, committed 84928K, reserved 1130496K
  class space    used 8301K, committed 8768K, reserved 1048576K
}
Event: 4169.230 GC heap after
{Heap after GC invocations=4882 (full 102):
 PSYoungGen      total 8704K, used 1230K [0x00000000eab00000, 0x00000000eb500000, 0x0000000100000000)
  eden space 7168K, 0% used [0x00000000eab00000,0x00000000eab00000,0x00000000eb200000)
  from space 1536K, 80% used [0x00000000eb380000,0x00000000eb4b3b20,0x00000000eb500000)
  to   space 1536K, 0% used [0x00000000eb200000,0x00000000eb200000,0x00000000eb380000)
 ParOldGen       total 234496K, used 174604K [0x00000000c0000000, 0x00000000ce500000, 0x00000000eab00000)
  object space 234496K, 74% used [0x00000000c0000000,0x00000000caa830e8,0x00000000ce500000)
 Metaspace       used 83950K, committed 84928K, reserved 1130496K
  class space    used 8301K, committed 8768K, reserved 1048576K
}
Event: 4169.894 GC heap before
{Heap before GC invocations=4883 (full 102):
 PSYoungGen      total 8704K, used 8398K [0x00000000eab00000, 0x00000000eb500000, 0x0000000100000000)
  eden space 7168K, 100% used [0x00000000eab00000,0x00000000eb200000,0x00000000eb200000)
  from space 1536K, 80% used [0x00000000eb380000,0x00000000eb4b3b20,0x00000000eb500000)
  to   space 1536K, 0% used [0x00000000eb200000,0x00000000eb200000,0x00000000eb380000)
 ParOldGen       total 234496K, used 174604K [0x00000000c0000000, 0x00000000ce500000, 0x00000000eab00000)
  object space 234496K, 74% used [0x00000000c0000000,0x00000000caa830e8,0x00000000ce500000)
 Metaspace       used 83953K, committed 84928K, reserved 1130496K
  class space    used 8301K, committed 8768K, reserved 1048576K
}
Event: 4169.896 GC heap after
{Heap after GC invocations=4883 (full 102):
 PSYoungGen      total 8704K, used 1449K [0x00000000eab00000, 0x00000000eb500000, 0x0000000100000000)
  eden space 7168K, 0% used [0x00000000eab00000,0x00000000eab00000,0x00000000eb200000)
  from space 1536K, 94% used [0x00000000eb200000,0x00000000eb36a400,0x00000000eb380000)
  to   space 1536K, 0% used [0x00000000eb380000,0x00000000eb380000,0x00000000eb500000)
 ParOldGen       total 234496K, used 174628K [0x00000000c0000000, 0x00000000ce500000, 0x00000000eab00000)
  object space 234496K, 74% used [0x00000000c0000000,0x00000000caa890e8,0x00000000ce500000)
 Metaspace       used 83953K, committed 84928K, reserved 1130496K
  class space    used 8301K, committed 8768K, reserved 1048576K
}

